<?xml version="1.0" encoding="UTF-8"?>
<!-- Generated by org.testng.reporters.JUnitReportReporter -->
<testsuite hostname="LTIN436923" failures="0" tests="16" name="com.selenium.test.testCases.TestMain" time="11.359" errors="0" timestamp="2025-06-25T20:32:10 IST" skipped="0">
  <testcase classname="com.selenium.test.testCases.TestMain" name="testTitle" time="0.299"/>
  <testcase classname="com.selenium.test.testCases.TestMain" name="testTitle" time="0.143"/>
  <testcase classname="com.selenium.test.testCases.TestMain" name="testURL" time="0.075"/>
  <testcase classname="com.selenium.test.testCases.TestMain" name="alertHandle" time="0.024"/>
  <testcase classname="com.selenium.test.testCases.TestMain" name="alertHandle" time="0.030"/>
  <testcase classname="com.selenium.test.testCases.TestMain" name="testURL" time="0.125"/>
  <testcase classname="com.selenium.test.testCases.TestMain" name="testSrcStation" time="0.684"/>
  <testcase classname="com.selenium.test.testCases.TestMain" name="testSrcStation" time="0.840"/>
  <testcase classname="com.selenium.test.testCases.TestMain" name="testDestStation" time="0.631"/>
  <testcase classname="com.selenium.test.testCases.TestMain" name="testDestStation" time="0.727"/>
  <testcase classname="com.selenium.test.testCases.TestMain" name="testDateSelection" time="0.859"/>
  <testcase classname="com.selenium.test.testCases.TestMain" name="testDateSelection" time="1.141"/>
  <testcase classname="com.selenium.test.testCases.TestMain" name="selectChoices" time="0.864"/>
  <testcase classname="com.selenium.test.testCases.TestMain" name="selectChoices" time="1.234"/>
  <testcase classname="com.selenium.test.testCases.TestMain" name="availableTrain" time="3.313"/>
  <testcase classname="com.selenium.test.testCases.TestMain" name="availableTrain" time="0.370"/>
</testsuite> <!-- com.selenium.test.testCases.TestMain -->
